<?xml version="1.0" encoding="UTF-8"?>
<coverage generated="1663013045365" clover="3.2.0">
  <project timestamp="1663013045365" name="All files">
    <metrics statements="97" coveredstatements="89" conditionals="36" coveredconditionals="26" methods="15" coveredmethods="14" elements="148" coveredelements="129" complexity="0" loc="97" ncloc="97" packages="1" files="1" classes="1"/>
    <file name="linked.js" path="/home/tony/Documents/CS302-portfolio/linked-lists/linked.js">
      <metrics statements="97" coveredstatements="89" conditionals="36" coveredconditionals="26" methods="15" coveredmethods="14"/>
      <line num="2" count="18" type="stmt"/>
      <line num="3" count="18" type="stmt"/>
      <line num="4" count="18" type="stmt"/>
      <line num="5" count="18" type="stmt"/>
      <line num="7" count="18" type="stmt"/>
      <line num="8" count="68" type="stmt"/>
      <line num="9" count="68" type="stmt"/>
      <line num="10" count="68" type="stmt"/>
      <line num="11" count="68" type="cond" truecount="2" falsecount="0"/>
      <line num="12" count="52" type="stmt"/>
      <line num="14" count="68" type="cond" truecount="2" falsecount="0"/>
      <line num="15" count="16" type="stmt"/>
      <line num="19" count="18" type="stmt"/>
      <line num="20" count="5" type="stmt"/>
      <line num="21" count="5" type="stmt"/>
      <line num="22" count="5" type="stmt"/>
      <line num="25" count="18" type="stmt"/>
      <line num="26" count="0" type="cond" truecount="0" falsecount="2"/>
      <line num="27" count="0" type="stmt"/>
      <line num="28" count="0" type="stmt"/>
      <line num="29" count="0" type="cond" truecount="0" falsecount="2"/>
      <line num="30" count="0" type="cond" truecount="0" falsecount="2"/>
      <line num="31" count="0" type="stmt"/>
      <line num="33" count="0" type="stmt"/>
      <line num="34" count="0" type="stmt"/>
      <line num="38" count="18" type="stmt"/>
      <line num="39" count="2" type="stmt"/>
      <line num="40" count="2" type="stmt"/>
      <line num="41" count="10" type="cond" truecount="2" falsecount="0"/>
      <line num="42" count="1" type="stmt"/>
      <line num="44" count="9" type="stmt"/>
      <line num="46" count="1" type="stmt"/>
      <line num="49" count="18" type="stmt"/>
      <line num="50" count="2" type="cond" truecount="1" falsecount="1"/>
      <line num="51" count="2" type="stmt"/>
      <line num="52" count="2" type="stmt"/>
      <line num="54" count="2" type="stmt"/>
      <line num="55" count="11" type="cond" truecount="2" falsecount="0"/>
      <line num="56" count="1" type="stmt"/>
      <line num="58" count="10" type="stmt"/>
      <line num="59" count="10" type="stmt"/>
      <line num="61" count="1" type="stmt"/>
      <line num="64" count="18" type="stmt"/>
      <line num="65" count="1" type="cond" truecount="1" falsecount="1"/>
      <line num="66" count="1" type="stmt"/>
      <line num="67" count="1" type="stmt"/>
      <line num="68" count="1" type="stmt"/>
      <line num="72" count="18" type="stmt"/>
      <line num="73" count="11" type="stmt"/>
      <line num="76" count="18" type="stmt"/>
      <line num="77" count="2" type="stmt"/>
      <line num="80" count="18" type="stmt"/>
      <line num="81" count="10" type="stmt"/>
      <line num="84" count="18" type="stmt"/>
      <line num="85" count="1" type="stmt"/>
      <line num="86" count="1" type="stmt"/>
      <line num="87" count="1" type="stmt"/>
      <line num="88" count="6" type="stmt"/>
      <line num="89" count="6" type="cond" truecount="2" falsecount="0"/>
      <line num="90" count="1" type="stmt"/>
      <line num="92" count="5" type="stmt"/>
      <line num="95" count="1" type="stmt"/>
      <line num="98" count="18" type="stmt"/>
      <line num="99" count="4" type="cond" truecount="1" falsecount="1"/>
      <line num="101" count="4" type="stmt"/>
      <line num="102" count="4" type="stmt"/>
      <line num="104" count="4" type="cond" truecount="2" falsecount="0"/>
      <line num="105" count="1" type="stmt"/>
      <line num="108" count="4" type="cond" truecount="2" falsecount="0"/>
      <line num="109" count="6" type="cond" truecount="2" falsecount="0"/>
      <line num="111" count="2" type="stmt"/>
      <line num="113" count="2" type="stmt"/>
      <line num="114" count="2" type="stmt"/>
      <line num="116" count="6" type="stmt"/>
      <line num="117" count="6" type="stmt"/>
      <line num="121" count="18" type="stmt"/>
      <line num="122" count="4" type="cond" truecount="1" falsecount="1"/>
      <line num="123" count="4" type="stmt"/>
      <line num="124" count="4" type="stmt"/>
      <line num="126" count="4" type="cond" truecount="2" falsecount="0"/>
      <line num="127" count="1" type="stmt"/>
      <line num="128" count="1" type="stmt"/>
      <line num="129" count="1" type="stmt"/>
      <line num="131" count="3" type="cond" truecount="2" falsecount="0"/>
      <line num="132" count="8" type="cond" truecount="2" falsecount="0"/>
      <line num="133" count="2" type="stmt"/>
      <line num="134" count="2" type="stmt"/>
      <line num="136" count="8" type="stmt"/>
      <line num="137" count="8" type="stmt"/>
      <line num="145" count="124" type="stmt"/>
      <line num="146" count="124" type="stmt"/>
      <line num="149" count="124" type="stmt"/>
      <line num="150" count="58" type="stmt"/>
      <line num="152" count="124" type="stmt"/>
      <line num="153" count="2" type="stmt"/>
      <line num="157" count="1" type="stmt"/>
      <line num="158" count="1" type="stmt"/>
    </file>
  </project>
</coverage>
