{"/home/tony/Documents/CS302-portfolio/linked-lists/linked.js": {"path":"/home/tony/Documents/CS302-portfolio/linked-lists/linked.js","statementMap":{"0":{"start":{"line":2,"column":10},"end":{"line":2,"column":14}},"1":{"start":{"line":3,"column":10},"end":{"line":3,"column":11}},"2":{"start":{"line":4,"column":10},"end":{"line":4,"column":14}},"3":{"start":{"line":5,"column":10},"end":{"line":5,"column":14}},"4":{"start":{"line":7,"column":11},"end":{"line":17,"column":3}},"5":{"start":{"line":8,"column":4},"end":{"line":8,"column":28}},"6":{"start":{"line":9,"column":4},"end":{"line":9,"column":39}},"7":{"start":{"line":10,"column":4},"end":{"line":10,"column":32}},"8":{"start":{"line":11,"column":4},"end":{"line":13,"column":5}},"9":{"start":{"line":12,"column":6},"end":{"line":12,"column":41}},"10":{"start":{"line":14,"column":4},"end":{"line":16,"column":5}},"11":{"start":{"line":15,"column":6},"end":{"line":15,"column":30}},"12":{"start":{"line":19,"column":12},"end":{"line":23,"column":3}},"13":{"start":{"line":20,"column":20},"end":{"line":20,"column":30}},"14":{"start":{"line":21,"column":4},"end":{"line":21,"column":42}},"15":{"start":{"line":22,"column":4},"end":{"line":22,"column":32}},"16":{"start":{"line":25,"column":7},"end":{"line":36,"column":3}},"17":{"start":{"line":26,"column":4},"end":{"line":26,"column":26}},"18":{"start":{"line":26,"column":19},"end":{"line":26,"column":26}},"19":{"start":{"line":27,"column":12},"end":{"line":27,"column":13}},"20":{"start":{"line":28,"column":15},"end":{"line":28,"column":25}},"21":{"start":{"line":29,"column":4},"end":{"line":35,"column":5}},"22":{"start":{"line":30,"column":6},"end":{"line":32,"column":7}},"23":{"start":{"line":31,"column":8},"end":{"line":31,"column":20}},"24":{"start":{"line":33,"column":6},"end":{"line":33,"column":23}},"25":{"start":{"line":34,"column":6},"end":{"line":34,"column":10}},"26":{"start":{"line":38,"column":13},"end":{"line":47,"column":3}},"27":{"start":{"line":39,"column":15},"end":{"line":39,"column":25}},"28":{"start":{"line":40,"column":4},"end":{"line":45,"column":5}},"29":{"start":{"line":41,"column":6},"end":{"line":43,"column":7}},"30":{"start":{"line":42,"column":8},"end":{"line":42,"column":20}},"31":{"start":{"line":44,"column":6},"end":{"line":44,"column":27}},"32":{"start":{"line":46,"column":4},"end":{"line":46,"column":17}},"33":{"start":{"line":49,"column":9},"end":{"line":62,"column":3}},"34":{"start":{"line":50,"column":4},"end":{"line":50,"column":26}},"35":{"start":{"line":50,"column":19},"end":{"line":50,"column":26}},"36":{"start":{"line":51,"column":15},"end":{"line":51,"column":25}},"37":{"start":{"line":52,"column":16},"end":{"line":52,"column":17}},"38":{"start":{"line":54,"column":4},"end":{"line":60,"column":5}},"39":{"start":{"line":55,"column":6},"end":{"line":57,"column":7}},"40":{"start":{"line":56,"column":8},"end":{"line":56,"column":21}},"41":{"start":{"line":58,"column":6},"end":{"line":58,"column":14}},"42":{"start":{"line":59,"column":6},"end":{"line":59,"column":27}},"43":{"start":{"line":61,"column":4},"end":{"line":61,"column":16}},"44":{"start":{"line":64,"column":8},"end":{"line":70,"column":3}},"45":{"start":{"line":65,"column":4},"end":{"line":69,"column":5}},"46":{"start":{"line":66,"column":6},"end":{"line":66,"column":34}},"47":{"start":{"line":67,"column":6},"end":{"line":67,"column":30}},"48":{"start":{"line":68,"column":6},"end":{"line":68,"column":34}},"49":{"start":{"line":72,"column":9},"end":{"line":74,"column":3}},"50":{"start":{"line":73,"column":4},"end":{"line":73,"column":22}},"51":{"start":{"line":76,"column":9},"end":{"line":78,"column":3}},"52":{"start":{"line":77,"column":4},"end":{"line":77,"column":22}},"53":{"start":{"line":80,"column":9},"end":{"line":82,"column":3}},"54":{"start":{"line":81,"column":4},"end":{"line":81,"column":22}},"55":{"start":{"line":84,"column":13},"end":{"line":96,"column":3}},"56":{"start":{"line":85,"column":15},"end":{"line":85,"column":25}},"57":{"start":{"line":86,"column":17},"end":{"line":86,"column":40}},"58":{"start":{"line":87,"column":4},"end":{"line":94,"column":5}},"59":{"start":{"line":88,"column":6},"end":{"line":88,"column":27}},"60":{"start":{"line":89,"column":6},"end":{"line":93,"column":7}},"61":{"start":{"line":90,"column":8},"end":{"line":90,"column":25}},"62":{"start":{"line":92,"column":8},"end":{"line":92,"column":42}},"63":{"start":{"line":95,"column":4},"end":{"line":95,"column":18}},"64":{"start":{"line":98,"column":13},"end":{"line":119,"column":3}},"65":{"start":{"line":99,"column":4},"end":{"line":99,"column":26}},"66":{"start":{"line":99,"column":19},"end":{"line":99,"column":26}},"67":{"start":{"line":101,"column":15},"end":{"line":101,"column":25}},"68":{"start":{"line":102,"column":12},"end":{"line":102,"column":13}},"69":{"start":{"line":104,"column":4},"end":{"line":106,"column":5}},"70":{"start":{"line":105,"column":6},"end":{"line":105,"column":26}},"71":{"start":{"line":108,"column":4},"end":{"line":118,"column":5}},"72":{"start":{"line":109,"column":6},"end":{"line":115,"column":7}},"73":{"start":{"line":111,"column":8},"end":{"line":111,"column":26}},"74":{"start":{"line":113,"column":8},"end":{"line":113,"column":57}},"75":{"start":{"line":114,"column":8},"end":{"line":114,"column":36}},"76":{"start":{"line":116,"column":6},"end":{"line":116,"column":27}},"77":{"start":{"line":117,"column":6},"end":{"line":117,"column":10}},"78":{"start":{"line":121,"column":13},"end":{"line":140,"column":3}},"79":{"start":{"line":122,"column":4},"end":{"line":122,"column":26}},"80":{"start":{"line":122,"column":19},"end":{"line":122,"column":26}},"81":{"start":{"line":123,"column":15},"end":{"line":123,"column":25}},"82":{"start":{"line":124,"column":12},"end":{"line":124,"column":13}},"83":{"start":{"line":126,"column":4},"end":{"line":139,"column":5}},"84":{"start":{"line":127,"column":6},"end":{"line":127,"column":33}},"85":{"start":{"line":128,"column":6},"end":{"line":128,"column":29}},"86":{"start":{"line":129,"column":6},"end":{"line":129,"column":34}},"87":{"start":{"line":131,"column":6},"end":{"line":138,"column":7}},"88":{"start":{"line":132,"column":8},"end":{"line":135,"column":9}},"89":{"start":{"line":133,"column":10},"end":{"line":133,"column":51}},"90":{"start":{"line":134,"column":10},"end":{"line":134,"column":38}},"91":{"start":{"line":136,"column":8},"end":{"line":136,"column":12}},"92":{"start":{"line":137,"column":8},"end":{"line":137,"column":29}},"93":{"start":{"line":145,"column":4},"end":{"line":145,"column":23}},"94":{"start":{"line":146,"column":4},"end":{"line":146,"column":29}},"95":{"start":{"line":149,"column":16},"end":{"line":151,"column":3}},"96":{"start":{"line":150,"column":4},"end":{"line":150,"column":25}},"97":{"start":{"line":152,"column":19},"end":{"line":154,"column":3}},"98":{"start":{"line":153,"column":4},"end":{"line":153,"column":25}},"99":{"start":{"line":157,"column":19},"end":{"line":157,"column":35}},"100":{"start":{"line":158,"column":0},"end":{"line":161,"column":2}}},"fnMap":{"0":{"name":"(anonymous_0)","decl":{"start":{"line":7,"column":11},"end":{"line":7,"column":12}},"loc":{"start":{"line":7,"column":22},"end":{"line":17,"column":3}},"line":7},"1":{"name":"(anonymous_1)","decl":{"start":{"line":19,"column":12},"end":{"line":19,"column":13}},"loc":{"start":{"line":19,"column":23},"end":{"line":23,"column":3}},"line":19},"2":{"name":"(anonymous_2)","decl":{"start":{"line":25,"column":7},"end":{"line":25,"column":8}},"loc":{"start":{"line":25,"column":18},"end":{"line":36,"column":3}},"line":25},"3":{"name":"(anonymous_3)","decl":{"start":{"line":38,"column":13},"end":{"line":38,"column":14}},"loc":{"start":{"line":38,"column":24},"end":{"line":47,"column":3}},"line":38},"4":{"name":"(anonymous_4)","decl":{"start":{"line":49,"column":9},"end":{"line":49,"column":10}},"loc":{"start":{"line":49,"column":20},"end":{"line":62,"column":3}},"line":49},"5":{"name":"(anonymous_5)","decl":{"start":{"line":64,"column":8},"end":{"line":64,"column":9}},"loc":{"start":{"line":64,"column":14},"end":{"line":70,"column":3}},"line":64},"6":{"name":"(anonymous_6)","decl":{"start":{"line":72,"column":9},"end":{"line":72,"column":10}},"loc":{"start":{"line":72,"column":15},"end":{"line":74,"column":3}},"line":72},"7":{"name":"(anonymous_7)","decl":{"start":{"line":76,"column":9},"end":{"line":76,"column":10}},"loc":{"start":{"line":76,"column":15},"end":{"line":78,"column":3}},"line":76},"8":{"name":"(anonymous_8)","decl":{"start":{"line":80,"column":9},"end":{"line":80,"column":10}},"loc":{"start":{"line":80,"column":15},"end":{"line":82,"column":3}},"line":80},"9":{"name":"(anonymous_9)","decl":{"start":{"line":84,"column":13},"end":{"line":84,"column":14}},"loc":{"start":{"line":84,"column":19},"end":{"line":96,"column":3}},"line":84},"10":{"name":"(anonymous_10)","decl":{"start":{"line":98,"column":13},"end":{"line":98,"column":14}},"loc":{"start":{"line":98,"column":31},"end":{"line":119,"column":3}},"line":98},"11":{"name":"(anonymous_11)","decl":{"start":{"line":121,"column":13},"end":{"line":121,"column":14}},"loc":{"start":{"line":121,"column":24},"end":{"line":140,"column":3}},"line":121},"12":{"name":"(anonymous_12)","decl":{"start":{"line":144,"column":2},"end":{"line":144,"column":3}},"loc":{"start":{"line":144,"column":31},"end":{"line":147,"column":3}},"line":144},"13":{"name":"(anonymous_13)","decl":{"start":{"line":149,"column":16},"end":{"line":149,"column":17}},"loc":{"start":{"line":149,"column":26},"end":{"line":151,"column":3}},"line":149},"14":{"name":"(anonymous_14)","decl":{"start":{"line":152,"column":19},"end":{"line":152,"column":20}},"loc":{"start":{"line":152,"column":25},"end":{"line":154,"column":3}},"line":152}},"branchMap":{"0":{"loc":{"start":{"line":11,"column":4},"end":{"line":13,"column":5}},"type":"if","locations":[{"start":{"line":11,"column":4},"end":{"line":13,"column":5}},{"start":{},"end":{}}],"line":11},"1":{"loc":{"start":{"line":14,"column":4},"end":{"line":16,"column":5}},"type":"if","locations":[{"start":{"line":14,"column":4},"end":{"line":16,"column":5}},{"start":{},"end":{}}],"line":14},"2":{"loc":{"start":{"line":26,"column":4},"end":{"line":26,"column":26}},"type":"if","locations":[{"start":{"line":26,"column":4},"end":{"line":26,"column":26}},{"start":{},"end":{}}],"line":26},"3":{"loc":{"start":{"line":29,"column":11},"end":{"line":29,"column":34}},"type":"binary-expr","locations":[{"start":{"line":29,"column":11},"end":{"line":29,"column":20}},{"start":{"line":29,"column":24},"end":{"line":29,"column":34}}],"line":29},"4":{"loc":{"start":{"line":30,"column":6},"end":{"line":32,"column":7}},"type":"if","locations":[{"start":{"line":30,"column":6},"end":{"line":32,"column":7}},{"start":{},"end":{}}],"line":30},"5":{"loc":{"start":{"line":41,"column":6},"end":{"line":43,"column":7}},"type":"if","locations":[{"start":{"line":41,"column":6},"end":{"line":43,"column":7}},{"start":{},"end":{}}],"line":41},"6":{"loc":{"start":{"line":50,"column":4},"end":{"line":50,"column":26}},"type":"if","locations":[{"start":{"line":50,"column":4},"end":{"line":50,"column":26}},{"start":{},"end":{}}],"line":50},"7":{"loc":{"start":{"line":55,"column":6},"end":{"line":57,"column":7}},"type":"if","locations":[{"start":{"line":55,"column":6},"end":{"line":57,"column":7}},{"start":{},"end":{}}],"line":55},"8":{"loc":{"start":{"line":65,"column":4},"end":{"line":69,"column":5}},"type":"if","locations":[{"start":{"line":65,"column":4},"end":{"line":69,"column":5}},{"start":{},"end":{}}],"line":65},"9":{"loc":{"start":{"line":89,"column":6},"end":{"line":93,"column":7}},"type":"if","locations":[{"start":{"line":89,"column":6},"end":{"line":93,"column":7}},{"start":{"line":91,"column":13},"end":{"line":93,"column":7}}],"line":89},"10":{"loc":{"start":{"line":99,"column":4},"end":{"line":99,"column":26}},"type":"if","locations":[{"start":{"line":99,"column":4},"end":{"line":99,"column":26}},{"start":{},"end":{}}],"line":99},"11":{"loc":{"start":{"line":104,"column":4},"end":{"line":106,"column":5}},"type":"if","locations":[{"start":{"line":104,"column":4},"end":{"line":106,"column":5}},{"start":{},"end":{}}],"line":104},"12":{"loc":{"start":{"line":108,"column":11},"end":{"line":108,"column":28}},"type":"binary-expr","locations":[{"start":{"line":108,"column":11},"end":{"line":108,"column":15}},{"start":{"line":108,"column":19},"end":{"line":108,"column":28}}],"line":108},"13":{"loc":{"start":{"line":109,"column":6},"end":{"line":115,"column":7}},"type":"if","locations":[{"start":{"line":109,"column":6},"end":{"line":115,"column":7}},{"start":{},"end":{}}],"line":109},"14":{"loc":{"start":{"line":122,"column":4},"end":{"line":122,"column":26}},"type":"if","locations":[{"start":{"line":122,"column":4},"end":{"line":122,"column":26}},{"start":{},"end":{}}],"line":122},"15":{"loc":{"start":{"line":126,"column":4},"end":{"line":139,"column":5}},"type":"if","locations":[{"start":{"line":126,"column":4},"end":{"line":139,"column":5}},{"start":{"line":130,"column":11},"end":{"line":139,"column":5}}],"line":126},"16":{"loc":{"start":{"line":131,"column":13},"end":{"line":131,"column":30}},"type":"binary-expr","locations":[{"start":{"line":131,"column":13},"end":{"line":131,"column":17}},{"start":{"line":131,"column":21},"end":{"line":131,"column":30}}],"line":131},"17":{"loc":{"start":{"line":132,"column":8},"end":{"line":135,"column":9}},"type":"if","locations":[{"start":{"line":132,"column":8},"end":{"line":135,"column":9}},{"start":{},"end":{}}],"line":132}},"s":{"0":18,"1":18,"2":18,"3":18,"4":18,"5":68,"6":68,"7":68,"8":68,"9":52,"10":68,"11":16,"12":18,"13":5,"14":5,"15":5,"16":18,"17":0,"18":0,"19":0,"20":0,"21":0,"22":0,"23":0,"24":0,"25":0,"26":18,"27":2,"28":2,"29":10,"30":1,"31":9,"32":1,"33":18,"34":2,"35":0,"36":2,"37":2,"38":2,"39":11,"40":1,"41":10,"42":10,"43":1,"44":18,"45":1,"46":1,"47":1,"48":1,"49":18,"50":11,"51":18,"52":2,"53":18,"54":10,"55":18,"56":1,"57":1,"58":1,"59":6,"60":6,"61":1,"62":5,"63":1,"64":18,"65":4,"66":0,"67":4,"68":4,"69":4,"70":1,"71":4,"72":6,"73":2,"74":2,"75":2,"76":6,"77":6,"78":18,"79":4,"80":0,"81":4,"82":4,"83":4,"84":1,"85":1,"86":1,"87":3,"88":8,"89":2,"90":2,"91":8,"92":8,"93":124,"94":124,"95":124,"96":58,"97":124,"98":2,"99":1,"100":1},"f":{"0":68,"1":5,"2":0,"3":2,"4":2,"5":1,"6":11,"7":2,"8":10,"9":1,"10":4,"11":4,"12":124,"13":58,"14":2},"b":{"0":[52,16],"1":[16,52],"2":[0,0],"3":[0,0],"4":[0,0],"5":[1,9],"6":[0,2],"7":[1,10],"8":[1,0],"9":[1,5],"10":[0,4],"11":[1,3],"12":[10,9],"13":[2,4],"14":[0,4],"15":[1,3],"16":[11,9],"17":[2,6]},"_coverageSchema":"1a1c01bbd47fc00a2c39e90264f33305004495a9","hash":"15fa9f811ef50aa8f996fd489165171e649c6b17"}
}
