TN:
SF:linked.js
FN:7,(anonymous_0)
FN:19,(anonymous_1)
FN:25,(anonymous_2)
FN:38,(anonymous_3)
FN:49,(anonymous_4)
FN:64,(anonymous_5)
FN:72,(anonymous_6)
FN:76,(anonymous_7)
FN:80,(anonymous_8)
FN:84,(anonymous_9)
FN:98,(anonymous_10)
FN:121,(anonymous_11)
FN:144,(anonymous_12)
FN:149,(anonymous_13)
FN:152,(anonymous_14)
FNF:15
FNH:14
FNDA:68,(anonymous_0)
FNDA:5,(anonymous_1)
FNDA:0,(anonymous_2)
FNDA:2,(anonymous_3)
FNDA:2,(anonymous_4)
FNDA:1,(anonymous_5)
FNDA:11,(anonymous_6)
FNDA:2,(anonymous_7)
FNDA:10,(anonymous_8)
FNDA:1,(anonymous_9)
FNDA:4,(anonymous_10)
FNDA:4,(anonymous_11)
FNDA:124,(anonymous_12)
FNDA:58,(anonymous_13)
FNDA:2,(anonymous_14)
DA:2,18
DA:3,18
DA:4,18
DA:5,18
DA:7,18
DA:8,68
DA:9,68
DA:10,68
DA:11,68
DA:12,52
DA:14,68
DA:15,16
DA:19,18
DA:20,5
DA:21,5
DA:22,5
DA:25,18
DA:26,0
DA:27,0
DA:28,0
DA:29,0
DA:30,0
DA:31,0
DA:33,0
DA:34,0
DA:38,18
DA:39,2
DA:40,2
DA:41,10
DA:42,1
DA:44,9
DA:46,1
DA:49,18
DA:50,2
DA:51,2
DA:52,2
DA:54,2
DA:55,11
DA:56,1
DA:58,10
DA:59,10
DA:61,1
DA:64,18
DA:65,1
DA:66,1
DA:67,1
DA:68,1
DA:72,18
DA:73,11
DA:76,18
DA:77,2
DA:80,18
DA:81,10
DA:84,18
DA:85,1
DA:86,1
DA:87,1
DA:88,6
DA:89,6
DA:90,1
DA:92,5
DA:95,1
DA:98,18
DA:99,4
DA:101,4
DA:102,4
DA:104,4
DA:105,1
DA:108,4
DA:109,6
DA:111,2
DA:113,2
DA:114,2
DA:116,6
DA:117,6
DA:121,18
DA:122,4
DA:123,4
DA:124,4
DA:126,4
DA:127,1
DA:128,1
DA:129,1
DA:131,3
DA:132,8
DA:133,2
DA:134,2
DA:136,8
DA:137,8
DA:145,124
DA:146,124
DA:149,124
DA:150,58
DA:152,124
DA:153,2
DA:157,1
DA:158,1
LF:97
LH:89
BRDA:11,0,0,52
BRDA:11,0,1,16
BRDA:14,1,0,16
BRDA:14,1,1,52
BRDA:26,2,0,0
BRDA:26,2,1,0
BRDA:29,3,0,0
BRDA:29,3,1,0
BRDA:30,4,0,0
BRDA:30,4,1,0
BRDA:41,5,0,1
BRDA:41,5,1,9
BRDA:50,6,0,0
BRDA:50,6,1,2
BRDA:55,7,0,1
BRDA:55,7,1,10
BRDA:65,8,0,1
BRDA:65,8,1,0
BRDA:89,9,0,1
BRDA:89,9,1,5
BRDA:99,10,0,0
BRDA:99,10,1,4
BRDA:104,11,0,1
BRDA:104,11,1,3
BRDA:108,12,0,10
BRDA:108,12,1,9
BRDA:109,13,0,2
BRDA:109,13,1,4
BRDA:122,14,0,0
BRDA:122,14,1,4
BRDA:126,15,0,1
BRDA:126,15,1,3
BRDA:131,16,0,11
BRDA:131,16,1,9
BRDA:132,17,0,2
BRDA:132,17,1,6
BRF:36
BRH:26
end_of_record
